<?xml version="1.0" encoding="UTF-8"?>
<!-- Generated by org.testng.reporters.JUnitReportReporter -->
<testsuite skipped="0" hostname="Qapitols-Mac-mini.local" name="com.project.Test.loginTest" tests="1" failures="0" timestamp="2020-01-08T13:42:41 IST" time="266.238" errors="0">
  <testcase name="goTologinPageswithValide" time="266.238" classname="com.project.Test.loginTest"/>
</testsuite> <!-- com.project.Test.loginTest -->
