<?xml version="1.0" encoding="UTF-8"?>
<!-- Generated by org.testng.reporters.JUnitReportReporter -->
<testsuite skipped="0" hostname="Qapitols-Mac-mini.local" name="com.project.Test.loginTest" tests="1" failures="0" timestamp="2020-01-03T10:31:36 IST" time="130.844" errors="0">
  <testcase name="goTologinPageswithValide" time="130.844" classname="com.project.Test.loginTest"/>
</testsuite> <!-- com.project.Test.loginTest -->
